[ActionDispatch::HostAuthorization::DefaultResponseApp] Blocked host: test.logistaas.test
[ActionDispatch::HostAuthorization::DefaultResponseApp] Blocked host: test.logistaas.test
Started GET "/" for ::1 at 2023-10-17 19:25:22 +0300
[ActionDispatch::HostAuthorization::DefaultResponseApp] Blocked host: test.logistaas.test
  [1m[36mActiveRecord::SchemaMigration Pluck (0.1ms)[0m  [1m[34mSELECT "schema_migrations"."version" FROM "schema_migrations" ORDER BY "schema_migrations"."version" ASC[0m
Processing by MainController#home as HTML
  [1m[36mAuthor Load (0.1ms)[0m  [1m[34mSELECT "authors".* FROM "authors" WHERE "authors"."id" = ? ORDER BY "authors"."id" ASC LIMIT ?[0m  [["id", 3], ["LIMIT", 1]]
  Rendering layout layouts/application.html.erb
  Rendering main/home.html.erb within layouts/application
  Rendered main/home.html.erb within layouts/application (Duration: 0.2ms | Allocations: 106)
  Rendered layouts/_navbar.html.erb (Duration: 0.5ms | Allocations: 560)
  Rendered layouts/_footer.html.erb (Duration: 0.2ms | Allocations: 96)
  Rendered layout layouts/application.html.erb (Duration: 527.5ms | Allocations: 100286)
Completed 200 OK in 539ms (Views: 528.2ms | ActiveRecord: 0.4ms | Allocations: 111082)


Started GET "/authors" for ::1 at 2023-10-17 19:25:29 +0300
Processing by AuthorsController#index as HTML
  [1m[36mAuthor Load (0.1ms)[0m  [1m[34mSELECT "authors".* FROM "authors" WHERE "authors"."id" = ? ORDER BY "authors"."id" ASC LIMIT ?[0m  [["id", 3], ["LIMIT", 1]]
Completed 500 Internal Server Error in 2ms (ActiveRecord: 0.1ms | Allocations: 1852)


  
NameError (uninitialized constant AuthorsController::Category):
  
app/controllers/authors_controller.rb:11:in `index'
[ActionDispatch::HostAuthorization::DefaultResponseApp] Blocked host: test.logistaas.test
[ActionDispatch::HostAuthorization::DefaultResponseApp] Blocked host: test.logistaas.test
[ActionDispatch::HostAuthorization::DefaultResponseApp] Blocked host: test.logistaas.test
[ActionDispatch::HostAuthorization::DefaultResponseApp] Blocked host: test.logistaas.test
[ActionDispatch::HostAuthorization::DefaultResponseApp] Blocked host: test.logistaas.test
[ActionDispatch::HostAuthorization::DefaultResponseApp] Blocked host: test.logistaas.test
[ActionDispatch::HostAuthorization::DefaultResponseApp] Blocked host: test.logistaas.test
[ActionDispatch::HostAuthorization::DefaultResponseApp] Blocked host: test.logistaas.test
[ActionDispatch::HostAuthorization::DefaultResponseApp] Blocked host: test.logistaas.test
[ActionDispatch::HostAuthorization::DefaultResponseApp] Blocked host: test.logistaas.test
[ActionDispatch::HostAuthorization::DefaultResponseApp] Blocked host: test.logistaas.test
[ActionDispatch::HostAuthorization::DefaultResponseApp] Blocked host: test.logistaas.test
[ActionDispatch::HostAuthorization::DefaultResponseApp] Blocked host: test.logistaas.test
[ActionDispatch::HostAuthorization::DefaultResponseApp] Blocked host: test.logistaas.test
[ActionDispatch::HostAuthorization::DefaultResponseApp] Blocked host: test.logistaas.test
  [1m[36mActiveRecord::SchemaMigration Pluck (0.1ms)[0m  [1m[34mSELECT "schema_migrations"."version" FROM "schema_migrations" ORDER BY "schema_migrations"."version" ASC[0m
Migrating to AddNameToAuthor (20231017162819)
  [1m[36mTRANSACTION (0.0ms)[0m  [1m[36mbegin transaction[0m
  [1m[35m (0.3ms)[0m  [1m[35mALTER TABLE "authors" ADD "name" varchar[0m
  [1m[36mActiveRecord::SchemaMigration Create (0.1ms)[0m  [1m[32mINSERT INTO "schema_migrations" ("version") VALUES (?)[0m  [["version", "20231017162819"]]
  [1m[36mTRANSACTION (11.4ms)[0m  [1m[36mcommit transaction[0m
  [1m[36mActiveRecord::InternalMetadata Load (0.1ms)[0m  [1m[34mSELECT "ar_internal_metadata".* FROM "ar_internal_metadata" WHERE "ar_internal_metadata"."key" = ? LIMIT ?[0m  [["key", "environment"], ["LIMIT", 1]]
  [1m[36mActiveRecord::SchemaMigration Pluck (0.0ms)[0m  [1m[34mSELECT "schema_migrations"."version" FROM "schema_migrations" ORDER BY "schema_migrations"."version" ASC[0m
Started GET "/authors" for ::1 at 2023-10-17 19:30:24 +0300
  [1m[36mActiveRecord::SchemaMigration Pluck (0.0ms)[0m  [1m[34mSELECT "schema_migrations"."version" FROM "schema_migrations" ORDER BY "schema_migrations"."version" ASC[0m
Processing by AuthorsController#index as HTML
  [1m[36mAuthor Load (0.1ms)[0m  [1m[34mSELECT "authors".* FROM "authors" WHERE "authors"."id" = ? ORDER BY "authors"."id" ASC LIMIT ?[0m  [["id", 3], ["LIMIT", 1]]
  [1m[36mAuthor Load (0.3ms)[0m  [1m[34mSELECT "authors".* FROM "authors" /* loading for inspect */ ORDER BY Authours.created_at desc LIMIT ?[0m  [["LIMIT", 11]]
Completed 500 Internal Server Error in 7ms (ActiveRecord: 0.4ms | Allocations: 7948)


  [1m[36mAuthor Load (0.2ms)[0m  [1m[34mSELECT "authors".* FROM "authors" /* loading for inspect */ ORDER BY Authours.created_at desc LIMIT ?[0m  [["LIMIT", 11]]
  
NoMethodError (undefined method `paginate' for #<Author::ActiveRecord_Relation:0x00007ff1a6586368>):
  
app/controllers/authors_controller.rb:14:in `index'
[ActionDispatch::HostAuthorization::DefaultResponseApp] Blocked host: test.logistaas.test
[ActionDispatch::HostAuthorization::DefaultResponseApp] Blocked host: test.logistaas.test
[ActionDispatch::HostAuthorization::DefaultResponseApp] Blocked host: test.logistaas.test
Started GET "/authors" for ::1 at 2023-10-17 19:31:50 +0300
Processing by AuthorsController#index as HTML
  [1m[36mAuthor Load (0.1ms)[0m  [1m[34mSELECT "authors".* FROM "authors" WHERE "authors"."id" = ? ORDER BY "authors"."id" ASC LIMIT ?[0m  [["id", 3], ["LIMIT", 1]]
  [1m[36mAuthor Load (0.2ms)[0m  [1m[34mSELECT "authors".* FROM "authors" /* loading for inspect */ ORDER BY Authours.created_at desc LIMIT ?[0m  [["LIMIT", 11]]
Completed 500 Internal Server Error in 7ms (ActiveRecord: 0.5ms | Allocations: 7372)


  [1m[36mAuthor Load (0.1ms)[0m  [1m[34mSELECT "authors".* FROM "authors" /* loading for inspect */ ORDER BY Authours.created_at desc LIMIT ?[0m  [["LIMIT", 11]]
  
NoMethodError (undefined method `page' for #<Author::ActiveRecord_Relation:0x00007ff1a66a6860>):
  
app/controllers/authors_controller.rb:14:in `index'
[ActionDispatch::HostAuthorization::DefaultResponseApp] Blocked host: test.logistaas.test
[ActionDispatch::HostAuthorization::DefaultResponseApp] Blocked host: test.logistaas.test
[ActionDispatch::HostAuthorization::DefaultResponseApp] Blocked host: test.logistaas.test
Started GET "/" for ::1 at 2023-10-17 19:32:22 +0300
Processing by MainController#home as HTML
  [1m[36mAuthor Load (0.1ms)[0m  [1m[34mSELECT "authors".* FROM "authors" WHERE "authors"."id" = ? ORDER BY "authors"."id" ASC LIMIT ?[0m  [["id", 3], ["LIMIT", 1]]
  Rendering layout layouts/application.html.erb
  Rendering main/home.html.erb within layouts/application
  Rendered main/home.html.erb within layouts/application (Duration: 0.0ms | Allocations: 10)
  Rendered layouts/_navbar.html.erb (Duration: 0.4ms | Allocations: 211)
  Rendered layouts/_footer.html.erb (Duration: 0.0ms | Allocations: 9)
  Rendered layout layouts/application.html.erb (Duration: 10.2ms | Allocations: 14803)
Completed 200 OK in 13ms (Views: 10.8ms | ActiveRecord: 0.1ms | Allocations: 16656)


Started GET "/authors/edit" for ::1 at 2023-10-17 19:32:23 +0300
Processing by Devise::RegistrationsController#edit as HTML
  [1m[36mAuthor Load (0.1ms)[0m  [1m[34mSELECT "authors".* FROM "authors" WHERE "authors"."id" = ? ORDER BY "authors"."id" ASC LIMIT ?[0m  [["id", 3], ["LIMIT", 1]]
  Rendering layout layouts/application.html.erb
  Rendering devise/registrations/edit.html.erb within layouts/application
  Rendered devise/registrations/edit.html.erb within layouts/application (Duration: 183.2ms | Allocations: 4342)
  Rendered layouts/_navbar.html.erb (Duration: 0.1ms | Allocations: 181)
  Rendered layouts/_footer.html.erb (Duration: 0.0ms | Allocations: 9)
  Rendered layout layouts/application.html.erb (Duration: 185.3ms | Allocations: 7000)
Completed 200 OK in 188ms (Views: 186.0ms | ActiveRecord: 0.1ms | Allocations: 9215)


Started GET "/authors/sign_out" for ::1 at 2023-10-17 19:32:24 +0300
Processing by Devise::SessionsController#destroy as HTML
  [1m[36mAuthor Load (0.1ms)[0m  [1m[34mSELECT "authors".* FROM "authors" WHERE "authors"."id" = ? ORDER BY "authors"."id" ASC LIMIT ?[0m  [["id", 3], ["LIMIT", 1]]
Redirected to http://localhost:3000/
Completed 303 See Other in 3ms (ActiveRecord: 0.1ms | Allocations: 2935)


Started GET "/" for ::1 at 2023-10-17 19:32:24 +0300
Processing by MainController#home as HTML
Completed 401 Unauthorized in 1ms (ActiveRecord: 0.0ms | Allocations: 421)


Started GET "/authors/sign_in" for ::1 at 2023-10-17 19:32:24 +0300
Processing by Devise::SessionsController#new as HTML
  Rendering layout layouts/application.html.erb
  Rendering devise/sessions/new.html.erb within layouts/application
  Rendered devise/shared/_links.html.erb (Duration: 0.6ms | Allocations: 700)
  Rendered devise/sessions/new.html.erb within layouts/application (Duration: 2.7ms | Allocations: 2610)
  Rendered layouts/_navbar.html.erb (Duration: 0.2ms | Allocations: 185)
  Rendered layouts/_footer.html.erb (Duration: 0.0ms | Allocations: 9)
  Rendered layout layouts/application.html.erb (Duration: 4.7ms | Allocations: 5263)
Completed 200 OK in 6ms (Views: 5.4ms | ActiveRecord: 0.0ms | Allocations: 6482)


Started POST "/authors/sign_in" for ::1 at 2023-10-17 19:32:31 +0300
Processing by Devise::SessionsController#create as HTML
  Parameters: {"authenticity_token"=>"[FILTERED]", "author"=>{"email"=>"a@a", "password"=>"[FILTERED]", "remember_me"=>"0"}, "commit"=>"Log in"}
  [1m[36mAuthor Load (0.1ms)[0m  [1m[34mSELECT "authors".* FROM "authors" WHERE "authors"."email" = ? ORDER BY "authors"."id" ASC LIMIT ?[0m  [["email", "a@a"], ["LIMIT", 1]]
Redirected to http://localhost:3000/
Completed 303 See Other in 271ms (ActiveRecord: 0.1ms | Allocations: 3324)


Started GET "/" for ::1 at 2023-10-17 19:32:31 +0300
Processing by MainController#home as HTML
  [1m[36mAuthor Load (0.1ms)[0m  [1m[34mSELECT "authors".* FROM "authors" WHERE "authors"."id" = ? ORDER BY "authors"."id" ASC LIMIT ?[0m  [["id", 3], ["LIMIT", 1]]
  Rendering layout layouts/application.html.erb
  Rendering main/home.html.erb within layouts/application
  Rendered main/home.html.erb within layouts/application (Duration: 0.0ms | Allocations: 7)
  Rendered layouts/_navbar.html.erb (Duration: 0.2ms | Allocations: 175)
  Rendered layouts/_footer.html.erb (Duration: 0.0ms | Allocations: 8)
  Rendered layout layouts/application.html.erb (Duration: 2.3ms | Allocations: 2588)
Completed 200 OK in 5ms (Views: 2.6ms | ActiveRecord: 0.1ms | Allocations: 4207)


Started GET "/authors" for ::1 at 2023-10-17 19:32:35 +0300
Processing by AuthorsController#index as HTML
  [1m[36mAuthor Load (0.1ms)[0m  [1m[34mSELECT "authors".* FROM "authors" WHERE "authors"."id" = ? ORDER BY "authors"."id" ASC LIMIT ?[0m  [["id", 3], ["LIMIT", 1]]
  [1m[36mAuthor Load (0.2ms)[0m  [1m[34mSELECT "authors".* FROM "authors" /* loading for inspect */ ORDER BY Authours.created_at desc LIMIT ?[0m  [["LIMIT", 11]]
Completed 500 Internal Server Error in 3ms (ActiveRecord: 0.1ms | Allocations: 3724)


  [1m[36mAuthor Load (0.2ms)[0m  [1m[34mSELECT "authors".* FROM "authors" /* loading for inspect */ ORDER BY Authours.created_at desc LIMIT ?[0m  [["LIMIT", 11]]
  
NoMethodError (undefined method `page' for #<Author::ActiveRecord_Relation:0x00007ff1a67d1ff0>):
  
app/controllers/authors_controller.rb:14:in `index'
Started GET "/authors" for ::1 at 2023-10-17 19:32:44 +0300
Processing by AuthorsController#index as HTML
  [1m[36mAuthor Load (0.1ms)[0m  [1m[34mSELECT "authors".* FROM "authors" WHERE "authors"."id" = ? ORDER BY "authors"."id" ASC LIMIT ?[0m  [["id", 3], ["LIMIT", 1]]
  Rendering layout layouts/application.html.erb
  Rendering authors/index.html.erb within layouts/application
  Rendered authors/index.html.erb within layouts/application (Duration: 1.2ms | Allocations: 1216)
  Rendered layout layouts/application.html.erb (Duration: 1.4ms | Allocations: 1304)
Completed 500 Internal Server Error in 11ms (ActiveRecord: 0.5ms | Allocations: 6985)


  
ActionView::Template::Error (undefined method `each' for nil:NilClass):
    3: <h1>Authors</h1>
    4: 
    5: <div id="authors">
    6:   <% @authors.each do |author| %>
    7:       <p>
    8:         <strong>Email:</strong>
    9:         <%= author.email %>
  
app/views/authors/index.html.erb:6
Started GET "/authors" for ::1 at 2023-10-17 19:32:51 +0300
Processing by AuthorsController#index as HTML
  [1m[36mAuthor Load (0.1ms)[0m  [1m[34mSELECT "authors".* FROM "authors" WHERE "authors"."id" = ? ORDER BY "authors"."id" ASC LIMIT ?[0m  [["id", 3], ["LIMIT", 1]]
  Rendering layout layouts/application.html.erb
  Rendering authors/index.html.erb within layouts/application
  [1m[36mAuthor Load (0.1ms)[0m  [1m[34mSELECT "authors".* FROM "authors"[0m
  ↳ app/views/authors/index.html.erb:6
  [1m[36mBook Load (0.4ms)[0m  [1m[34mSELECT "books".* FROM "books" WHERE "books"."author_id" = ?[0m  [["author_id", 3]]
  ↳ app/views/authors/index.html.erb:11
  [1m[36mBook Load (0.0ms)[0m  [1m[34mSELECT "books".* FROM "books" WHERE "books"."author_id" = ?[0m  [["author_id", 6]]
  ↳ app/views/authors/index.html.erb:11
  Rendered authors/index.html.erb within layouts/application (Duration: 153.6ms | Allocations: 9222)
  Rendered layouts/_navbar.html.erb (Duration: 0.2ms | Allocations: 211)
  Rendered layouts/_footer.html.erb (Duration: 0.0ms | Allocations: 9)
  Rendered layout layouts/application.html.erb (Duration: 160.4ms | Allocations: 23951)
Completed 200 OK in 166ms (Views: 159.8ms | ActiveRecord: 1.4ms | Allocations: 29516)


[ActionDispatch::HostAuthorization::DefaultResponseApp] Blocked host: test.logistaas.test
[ActionDispatch::HostAuthorization::DefaultResponseApp] Blocked host: test.logistaas.test
[ActionDispatch::HostAuthorization::DefaultResponseApp] Blocked host: test.logistaas.test
Started GET "/authors" for ::1 at 2023-10-17 19:33:37 +0300
Processing by AuthorsController#index as HTML
  [1m[36mAuthor Load (0.1ms)[0m  [1m[34mSELECT "authors".* FROM "authors" WHERE "authors"."id" = ? ORDER BY "authors"."id" ASC LIMIT ?[0m  [["id", 3], ["LIMIT", 1]]
  [1m[36mAuthor Load (0.6ms)[0m  [1m[34mSELECT "authors".* FROM "authors" /* loading for inspect */ ORDER BY Authours.created_at desc LIMIT ?[0m  [["LIMIT", 11]]
Completed 500 Internal Server Error in 7ms (ActiveRecord: 0.4ms | Allocations: 7358)


  [1m[36mAuthor Load (0.2ms)[0m  [1m[34mSELECT "authors".* FROM "authors" /* loading for inspect */ ORDER BY Authours.created_at desc LIMIT ?[0m  [["LIMIT", 11]]
  
NoMethodError (undefined method `page' for #<Author::ActiveRecord_Relation:0x00007ff1a66c10e8>):
  
app/controllers/authors_controller.rb:14:in `index'
[ActionDispatch::HostAuthorization::DefaultResponseApp] Blocked host: test.logistaas.test
[ActionDispatch::HostAuthorization::DefaultResponseApp] Blocked host: test.logistaas.test
[ActionDispatch::HostAuthorization::DefaultResponseApp] Blocked host: test.logistaas.test
[ActionDispatch::HostAuthorization::DefaultResponseApp] Blocked host: test.logistaas.test
[ActionDispatch::HostAuthorization::DefaultResponseApp] Blocked host: test.logistaas.test
[ActionDispatch::HostAuthorization::DefaultResponseApp] Blocked host: test.logistaas.test
[ActionDispatch::HostAuthorization::DefaultResponseApp] Blocked host: test.logistaas.test
[ActionDispatch::HostAuthorization::DefaultResponseApp] Blocked host: test.logistaas.test
[ActionDispatch::HostAuthorization::DefaultResponseApp] Blocked host: test.logistaas.test
[ActionDispatch::HostAuthorization::DefaultResponseApp] Blocked host: test.logistaas.test
[ActionDispatch::HostAuthorization::DefaultResponseApp] Blocked host: test.logistaas.test
[ActionDispatch::HostAuthorization::DefaultResponseApp] Blocked host: test.logistaas.test
[ActionDispatch::HostAuthorization::DefaultResponseApp] Blocked host: test.logistaas.test
[ActionDispatch::HostAuthorization::DefaultResponseApp] Blocked host: test.logistaas.test
[ActionDispatch::HostAuthorization::DefaultResponseApp] Blocked host: test.logistaas.test
Started GET "/authors" for ::1 at 2023-10-17 19:38:32 +0300
  [1m[36mActiveRecord::SchemaMigration Pluck (0.1ms)[0m  [1m[34mSELECT "schema_migrations"."version" FROM "schema_migrations" ORDER BY "schema_migrations"."version" ASC[0m
Processing by AuthorsController#index as HTML
  [1m[36mAuthor Load (0.1ms)[0m  [1m[34mSELECT "authors".* FROM "authors" WHERE "authors"."id" = ? ORDER BY "authors"."id" ASC LIMIT ?[0m  [["id", 3], ["LIMIT", 1]]
  Rendering layout layouts/application.html.erb
  Rendering authors/index.html.erb within layouts/application
  [1m[36mAuthor Count (0.1ms)[0m  [1m[34mSELECT COUNT(*) FROM "authors"[0m
  ↳ app/views/authors/index.html.erb:4
  [1m[36mAuthor Load (0.3ms)[0m  [1m[34mSELECT "authors".* FROM "authors" ORDER BY Authours.created_at desc LIMIT ? OFFSET ?[0m  [["LIMIT", 10], ["OFFSET", 0]]
  ↳ app/views/authors/index.html.erb:7
  Rendered authors/index.html.erb within layouts/application (Duration: 2.4ms | Allocations: 3732)
  Rendered layout layouts/application.html.erb (Duration: 2.6ms | Allocations: 3834)
Completed 500 Internal Server Error in 17ms (ActiveRecord: 0.8ms | Allocations: 16690)


  
ActionView::Template::Error (SQLite3::SQLException: no such column: Authours.created_at):
    4: <%= will_paginate @authors %>
    5: <div id="authors">
    6:   
    7:   <% @authors.each do |author| %>
    8:       <p>
    9:         <strong>Email:</strong>
   10:         <%= author.email %>
  
app/views/authors/index.html.erb:7
Started GET "/authors" for ::1 at 2023-10-17 19:39:11 +0300
Processing by AuthorsController#index as HTML
  [1m[36mAuthor Load (0.1ms)[0m  [1m[34mSELECT "authors".* FROM "authors" WHERE "authors"."id" = ? ORDER BY "authors"."id" ASC LIMIT ?[0m  [["id", 3], ["LIMIT", 1]]
  Rendering layout layouts/application.html.erb
  Rendering authors/index.html.erb within layouts/application
  [1m[36mAuthor Count (0.1ms)[0m  [1m[34mSELECT COUNT(*) FROM "authors"[0m
  ↳ app/views/authors/index.html.erb:4
  Rendered authors/index.html.erb within layouts/application (Duration: 1.5ms | Allocations: 1966)
  Rendered layout layouts/application.html.erb (Duration: 1.6ms | Allocations: 2055)
Completed 500 Internal Server Error in 5ms (ActiveRecord: 0.2ms | Allocations: 4521)


  
ActionView::Template::Error (undefined local variable or method `author' for #<ActionView::Base:0x0000000000cd28>):
     7:   <%# <% @authors.each do |author| %> %>
     8:       <p>
     9:         <strong>Email:</strong>
    10:         <%= author.email %>
    11:       </p>
    12:       <% author.books.each do |book| %>
    13:         <p>
  
app/views/authors/index.html.erb:10
[ActionDispatch::HostAuthorization::DefaultResponseApp] Blocked host: test.logistaas.test
[ActionDispatch::HostAuthorization::DefaultResponseApp] Blocked host: test.logistaas.test
[ActionDispatch::HostAuthorization::DefaultResponseApp] Blocked host: test.logistaas.test
Started GET "/authors" for ::1 at 2023-10-17 19:39:31 +0300
Processing by AuthorsController#index as HTML
  [1m[36mAuthor Load (0.1ms)[0m  [1m[34mSELECT "authors".* FROM "authors" WHERE "authors"."id" = ? ORDER BY "authors"."id" ASC LIMIT ?[0m  [["id", 3], ["LIMIT", 1]]
  Rendering layout layouts/application.html.erb
  Rendering authors/index.html.erb within layouts/application
  [1m[36mAuthor Count (0.1ms)[0m  [1m[34mSELECT COUNT(*) FROM "authors"[0m
  ↳ app/views/authors/index.html.erb:4
  [1m[36mAuthor Load (0.3ms)[0m  [1m[34mSELECT "authors".* FROM "authors" /* loading for inspect */ ORDER BY Authours.created_at desc LIMIT ? OFFSET ?[0m  [["LIMIT", 10], ["OFFSET", 0]]
  Rendered authors/index.html.erb within layouts/application (Duration: 2.4ms | Allocations: 4472)
  Rendered layout layouts/application.html.erb (Duration: 2.5ms | Allocations: 4560)
Completed 500 Internal Server Error in 6ms (ActiveRecord: 0.4ms | Allocations: 7006)


  
ActionView::Template::Error (undefined method `email' for #<Author::ActiveRecord_Relation:0x00007f808a0b9d90>):
     7:   <%# <% @authors.each do |author| %> %>
     8:       <p>
     9:         <strong>Email:</strong>
    10:         <%= @authors.email %>
    11:       </p>
    12:       <% @authors.books.each do |book| %>
    13:         <p>
  
app/views/authors/index.html.erb:10
Started GET "/authors" for ::1 at 2023-10-17 19:39:52 +0300
Processing by AuthorsController#index as HTML
  [1m[36mAuthor Load (0.1ms)[0m  [1m[34mSELECT "authors".* FROM "authors" WHERE "authors"."id" = ? ORDER BY "authors"."id" ASC LIMIT ?[0m  [["id", 3], ["LIMIT", 1]]
  Rendering layout layouts/application.html.erb
  Rendering authors/index.html.erb within layouts/application
  [1m[36mAuthor Count (0.1ms)[0m  [1m[34mSELECT COUNT(*) FROM "authors"[0m
  ↳ app/views/authors/index.html.erb:4
  [1m[36mAuthor Load (0.2ms)[0m  [1m[34mSELECT "authors".* FROM "authors" ORDER BY Authours.created_at desc LIMIT ? OFFSET ?[0m  [["LIMIT", 10], ["OFFSET", 0]]
  ↳ app/views/authors/index.html.erb:9
  [1m[36mAuthor Load (0.4ms)[0m  [1m[34mSELECT "authors".* FROM "authors" /* loading for inspect */ ORDER BY Authours.created_at desc LIMIT ? OFFSET ?[0m  [["LIMIT", 10], ["OFFSET", 0]]
  Rendered authors/index.html.erb within layouts/application (Duration: 173405.3ms | Allocations: 143146)
  Rendered layout layouts/application.html.erb (Duration: 173405.4ms | Allocations: 143235)
Completed 500 Internal Server Error in 173408ms (ActiveRecord: 0.8ms | Allocations: 145691)


  
ActionView::Template::Error (undefined method `email' for #<Author::ActiveRecord_Relation:0x00007f808a0a6920>):
     8:       <p>
     9:         <%binding.break%>
    10:         <strong>Email:</strong>
    11:         <%= @authors.email %>
    12:       </p>
    13:       <% @authors.books.each do |book| %>
    14:         <p>
  
app/views/authors/index.html.erb:11
[ActionDispatch::HostAuthorization::DefaultResponseApp] Blocked host: test.logistaas.test
[ActionDispatch::HostAuthorization::DefaultResponseApp] Blocked host: test.logistaas.test
[ActionDispatch::HostAuthorization::DefaultResponseApp] Blocked host: test.logistaas.test
Started GET "/authors" for ::1 at 2023-10-17 19:42:48 +0300
Processing by AuthorsController#index as HTML
  [1m[36mAuthor Load (0.1ms)[0m  [1m[34mSELECT "authors".* FROM "authors" WHERE "authors"."id" = ? ORDER BY "authors"."id" ASC LIMIT ?[0m  [["id", 3], ["LIMIT", 1]]
  Rendering layout layouts/application.html.erb
[ActionDispatch::HostAuthorization::DefaultResponseApp] Blocked host: test.logistaas.test
  Rendering authors/index.html.erb within layouts/application
  [1m[36mAuthor Count (0.1ms)[0m  [1m[34mSELECT COUNT(*) FROM "authors"[0m
  ↳ app/views/authors/index.html.erb:4
  [1m[36mAuthor Load (0.5ms)[0m  [1m[34mSELECT "authors".* FROM "authors" /* loading for inspect */ ORDER BY Authours.created_at desc LIMIT ? OFFSET ?[0m  [["LIMIT", 10], ["OFFSET", 0]]
  Rendered authors/index.html.erb within layouts/application (Duration: 4.9ms | Allocations: 5201)
  Rendered layout layouts/application.html.erb (Duration: 6.1ms | Allocations: 7811)
Completed 500 Internal Server Error in 143857ms (ActiveRecord: 1.1ms | Allocations: 60962)


  
ActionView::Template::Error (undefined method `email' for #<Author::ActiveRecord_Relation:0x00007f8089b13850>):
     8:       <p>
     9:         <%binding.break%>
    10:         <strong>Email:</strong>
    11:         <%= @authors.email %>
    12:       </p>
    13:       <% @authors.books.each do |book| %>
    14:         <p>
  
app/views/authors/index.html.erb:11
[ActionDispatch::HostAuthorization::DefaultResponseApp] Blocked host: test.logistaas.test
Started GET "/" for ::1 at 2023-10-17 19:46:47 +0300
  [1m[36mActiveRecord::SchemaMigration Pluck (0.1ms)[0m  [1m[34mSELECT "schema_migrations"."version" FROM "schema_migrations" ORDER BY "schema_migrations"."version" ASC[0m
Processing by MainController#home as HTML
  [1m[36mAuthor Load (0.1ms)[0m  [1m[34mSELECT "authors".* FROM "authors" WHERE "authors"."id" = ? ORDER BY "authors"."id" ASC LIMIT ?[0m  [["id", 3], ["LIMIT", 1]]
  Rendering layout layouts/application.html.erb
  Rendering main/home.html.erb within layouts/application
  Rendered main/home.html.erb within layouts/application (Duration: 0.4ms | Allocations: 278)
  Rendered layouts/_navbar.html.erb (Duration: 0.6ms | Allocations: 558)
  Rendered layouts/_footer.html.erb (Duration: 0.2ms | Allocations: 96)
  Rendered layout layouts/application.html.erb (Duration: 3904.4ms | Allocations: 38269)
Completed 200 OK in 3918ms (Views: 3905.8ms | ActiveRecord: 0.4ms | Allocations: 50575)


Started GET "/authors/sign_out" for ::1 at 2023-10-17 19:46:54 +0300
Processing by Devise::SessionsController#destroy as HTML
  [1m[36mAuthor Load (0.1ms)[0m  [1m[34mSELECT "authors".* FROM "authors" WHERE "authors"."id" = ? ORDER BY "authors"."id" ASC LIMIT ?[0m  [["id", 3], ["LIMIT", 1]]
Redirected to http://localhost:3000/
Completed 303 See Other in 2252ms (ActiveRecord: 0.1ms | Allocations: 4269)


Started GET "/" for ::1 at 2023-10-17 19:46:57 +0300
Processing by MainController#home as HTML
Completed 401 Unauthorized in 1ms (ActiveRecord: 0.0ms | Allocations: 467)


Started GET "/authors/sign_in" for ::1 at 2023-10-17 19:46:57 +0300
Processing by Devise::SessionsController#new as HTML
  Rendering layout layouts/application.html.erb
  Rendering devise/sessions/new.html.erb within layouts/application
  Rendered devise/shared/_links.html.erb (Duration: 0.7ms | Allocations: 701)
  Rendered devise/sessions/new.html.erb within layouts/application (Duration: 3.6ms | Allocations: 3225)
  Rendered layouts/_navbar.html.erb (Duration: 0.2ms | Allocations: 185)
  Rendered layouts/_footer.html.erb (Duration: 0.0ms | Allocations: 9)
  Rendered layout layouts/application.html.erb (Duration: 5.7ms | Allocations: 5880)
Completed 200 OK in 8ms (Views: 6.5ms | ActiveRecord: 0.0ms | Allocations: 7255)


Started GET "/authors" for ::1 at 2023-10-17 19:47:06 +0300
Processing by AuthorsController#index as HTML
Completed 401 Unauthorized in 1ms (ActiveRecord: 0.0ms | Allocations: 416)


Started GET "/authors/sign_in" for ::1 at 2023-10-17 19:47:06 +0300
Processing by Devise::SessionsController#new as HTML
  Rendering layout layouts/application.html.erb
  Rendering devise/sessions/new.html.erb within layouts/application
  Rendered devise/shared/_links.html.erb (Duration: 0.1ms | Allocations: 155)
  Rendered devise/sessions/new.html.erb within layouts/application (Duration: 1.1ms | Allocations: 1329)
  Rendered layouts/_navbar.html.erb (Duration: 0.2ms | Allocations: 165)
  Rendered layouts/_footer.html.erb (Duration: 0.0ms | Allocations: 8)
  Rendered layout layouts/application.html.erb (Duration: 3.1ms | Allocations: 3886)
Completed 200 OK in 4ms (Views: 3.4ms | ActiveRecord: 0.0ms | Allocations: 4625)


Started POST "/authors/sign_in" for ::1 at 2023-10-17 19:47:12 +0300
Processing by Devise::SessionsController#create as HTML
  Parameters: {"authenticity_token"=>"[FILTERED]", "author"=>{"email"=>"a@a", "password"=>"[FILTERED]", "remember_me"=>"0"}, "commit"=>"Log in"}
  [1m[36mAuthor Load (0.1ms)[0m  [1m[34mSELECT "authors".* FROM "authors" WHERE "authors"."email" = ? ORDER BY "authors"."id" ASC LIMIT ?[0m  [["email", "a@a"], ["LIMIT", 1]]
Redirected to http://localhost:3000/authors
Completed 303 See Other in 220ms (ActiveRecord: 0.1ms | Allocations: 12366)


Started GET "/authors" for ::1 at 2023-10-17 19:47:13 +0300
Processing by AuthorsController#index as HTML
  [1m[36mAuthor Load (0.1ms)[0m  [1m[34mSELECT "authors".* FROM "authors" WHERE "authors"."id" = ? ORDER BY "authors"."id" ASC LIMIT ?[0m  [["id", 3], ["LIMIT", 1]]
[ActionDispatch::HostAuthorization::DefaultResponseApp] Blocked host: test.logistaas.test
  Rendering layout layouts/application.html.erb
  Rendering authors/index.html.erb within layouts/application
  [1m[36mAuthor Count (0.1ms)[0m  [1m[34mSELECT COUNT(*) FROM "authors"[0m
  ↳ app/views/authors/index.html.erb:4
  [1m[36mAuthor Load (0.3ms)[0m  [1m[34mSELECT "authors".* FROM "authors" /* loading for inspect */ ORDER BY Authours.created_at desc LIMIT ? OFFSET ?[0m  [["LIMIT", 10], ["OFFSET", 0]]
  Rendered authors/index.html.erb within layouts/application (Duration: 3.2ms | Allocations: 6162)
  Rendered layout layouts/application.html.erb (Duration: 3.7ms | Allocations: 7728)
Completed 500 Internal Server Error in 86120ms (ActiveRecord: 0.5ms | Allocations: 191441)


  
ActionView::Template::Error (undefined method `email' for #<Author::ActiveRecord_Relation:0x00007f11a3200d30>):
     8:       <p>
     9:         <%binding.break%>
    10:         <strong>Email:</strong>
    11:         <%= @authors.email %>
    12:       </p>
    13:       <% @authors.books.each do |book| %>
    14:         <p>
  
app/views/authors/index.html.erb:11
Started GET "/authors" for ::1 at 2023-10-17 19:48:46 +0300
  [1m[36mActiveRecord::SchemaMigration Pluck (0.1ms)[0m  [1m[34mSELECT "schema_migrations"."version" FROM "schema_migrations" ORDER BY "schema_migrations"."version" ASC[0m
Processing by AuthorsController#index as HTML
  [1m[36mAuthor Load (0.1ms)[0m  [1m[34mSELECT "authors".* FROM "authors" WHERE "authors"."id" = ? ORDER BY "authors"."id" ASC LIMIT ?[0m  [["id", 3], ["LIMIT", 1]]
  Rendering layout layouts/application.html.erb
  Rendering authors/index.html.erb within layouts/application
  [1m[36mAuthor Count (0.1ms)[0m  [1m[34mSELECT COUNT(*) FROM "authors"[0m
  ↳ app/views/authors/index.html.erb:4
  [1m[36mAuthor Load (0.3ms)[0m  [1m[34mSELECT "authors".* FROM "authors" ORDER BY Authours.created_at desc LIMIT ? OFFSET ?[0m  [["LIMIT", 10], ["OFFSET", 0]]
  ↳ app/views/authors/index.html.erb:9
  [1m[36mAuthor Load (0.3ms)[0m  [1m[34mSELECT "authors".* FROM "authors" /* loading for inspect */ ORDER BY Authours.created_at desc LIMIT ? OFFSET ?[0m  [["LIMIT", 10], ["OFFSET", 0]]
  Rendered authors/index.html.erb within layouts/application (Duration: 8392.0ms | Allocations: 50711)
  Rendered layout layouts/application.html.erb (Duration: 8392.1ms | Allocations: 50813)
Completed 500 Internal Server Error in 12016ms (ActiveRecord: 1.1ms | Allocations: 175539)


  
ActionView::Template::Error (undefined method `email' for #<Author::ActiveRecord_Relation:0x00007f703c23cef0>):
     8:       <p>
     9:         <%binding.break%>
    10:         <strong>Email:</strong>
    11:         <%= @authors.email %>
    12:       </p>
    13:       <% @authors.books.each do |book| %>
    14:         <p>
  
app/views/authors/index.html.erb:11
[ActionDispatch::HostAuthorization::DefaultResponseApp] Blocked host: test.logistaas.test
[ActionDispatch::HostAuthorization::DefaultResponseApp] Blocked host: test.logistaas.test
[ActionDispatch::HostAuthorization::DefaultResponseApp] Blocked host: test.logistaas.test
[ActionDispatch::HostAuthorization::DefaultResponseApp] Blocked host: test.logistaas.test
[ActionDispatch::HostAuthorization::DefaultResponseApp] Blocked host: test.logistaas.test
[ActionDispatch::HostAuthorization::DefaultResponseApp] Blocked host: test.logistaas.test
[ActionDispatch::HostAuthorization::DefaultResponseApp] Blocked host: test.logistaas.test
[ActionDispatch::HostAuthorization::DefaultResponseApp] Blocked host: test.logistaas.test
[ActionDispatch::HostAuthorization::DefaultResponseApp] Blocked host: test.logistaas.test
[ActionDispatch::HostAuthorization::DefaultResponseApp] Blocked host: test.logistaas.test
[ActionDispatch::HostAuthorization::DefaultResponseApp] Blocked host: test.logistaas.test
[ActionDispatch::HostAuthorization::DefaultResponseApp] Blocked host: test.logistaas.test
[ActionDispatch::HostAuthorization::DefaultResponseApp] Blocked host: test.logistaas.test
[ActionDispatch::HostAuthorization::DefaultResponseApp] Blocked host: test.logistaas.test
[ActionDispatch::HostAuthorization::DefaultResponseApp] Blocked host: test.logistaas.test
[ActionDispatch::HostAuthorization::DefaultResponseApp] Blocked host: test.logistaas.test
[ActionDispatch::HostAuthorization::DefaultResponseApp] Blocked host: test.logistaas.test
[ActionDispatch::HostAuthorization::DefaultResponseApp] Blocked host: test.logistaas.test
[ActionDispatch::HostAuthorization::DefaultResponseApp] Blocked host: test.logistaas.test
[ActionDispatch::HostAuthorization::DefaultResponseApp] Blocked host: test.logistaas.test
[ActionDispatch::HostAuthorization::DefaultResponseApp] Blocked host: test.logistaas.test
[ActionDispatch::HostAuthorization::DefaultResponseApp] Blocked host: test.logistaas.test
[ActionDispatch::HostAuthorization::DefaultResponseApp] Blocked host: test.logistaas.test
[ActionDispatch::HostAuthorization::DefaultResponseApp] Blocked host: test.logistaas.test
Started GET "/authors" for ::1 at 2023-10-17 19:57:12 +0300
Processing by AuthorsController#index as HTML
  [1m[36mAuthor Load (0.1ms)[0m  [1m[34mSELECT "authors".* FROM "authors" WHERE "authors"."id" = ? ORDER BY "authors"."id" ASC LIMIT ?[0m  [["id", 3], ["LIMIT", 1]]
  Rendering layout layouts/application.html.erb
  Rendering authors/index.html.erb within layouts/application
  [1m[36mAuthor Count (0.1ms)[0m  [1m[34mSELECT COUNT(*) FROM "authors"[0m
  ↳ app/views/authors/index.html.erb:4
  [1m[36mAuthor Load (0.4ms)[0m  [1m[34mSELECT "authors".* FROM "authors" ORDER BY Authours.created_at desc LIMIT ? OFFSET ?[0m  [["LIMIT", 10], ["OFFSET", 0]]
  ↳ app/views/authors/index.html.erb:7
  Rendered authors/index.html.erb within layouts/application (Duration: 198.7ms | Allocations: 3109)
  Rendered layout layouts/application.html.erb (Duration: 198.8ms | Allocations: 3197)
Completed 500 Internal Server Error in 205ms (ActiveRecord: 0.8ms | Allocations: 8832)


  
ActionView::Template::Error (SQLite3::SQLException: no such column: Authours.created_at):
    4: <%= will_paginate @authors %>
    5: <div id="authors">
    6:   
    7:   <% @authors.each do |author| %>
    8:       <p>
    9:         <strong>Email:</strong>
   10:         <%= @authors.email %>
  
app/views/authors/index.html.erb:7
[ActionDispatch::HostAuthorization::DefaultResponseApp] Blocked host: test.logistaas.test
[ActionDispatch::HostAuthorization::DefaultResponseApp] Blocked host: test.logistaas.test
[ActionDispatch::HostAuthorization::DefaultResponseApp] Blocked host: test.logistaas.test
Started GET "/authors" for ::1 at 2023-10-17 20:02:16 +0300
  
ActiveRecord::NoDatabaseError (We could not find your database: Assignment_development. Which can be found in the database configuration file located at config/database.yml.

To resolve this issue:

- Did you create the database for this app, or delete it? You may need to create your database.
- Has the database name changed? Check your database.yml config has the correct database name.

To create your database, run:

        bin/rails db:create
):
  
activerecord (7.0.4.2) lib/active_record/connection_adapters/postgresql_adapter.rb:81:in `rescue in new_client'
activerecord (7.0.4.2) lib/active_record/connection_adapters/postgresql_adapter.rb:77:in `new_client'
activerecord (7.0.4.2) lib/active_record/connection_adapters/postgresql_adapter.rb:37:in `postgresql_connection'
activerecord (7.0.4.2) lib/active_record/connection_adapters/abstract/connection_pool.rb:656:in `public_send'
activerecord (7.0.4.2) lib/active_record/connection_adapters/abstract/connection_pool.rb:656:in `new_connection'
activerecord (7.0.4.2) lib/active_record/connection_adapters/abstract/connection_pool.rb:700:in `checkout_new_connection'
activerecord (7.0.4.2) lib/active_record/connection_adapters/abstract/connection_pool.rb:679:in `try_to_checkout_new_connection'
activerecord (7.0.4.2) lib/active_record/connection_adapters/abstract/connection_pool.rb:640:in `acquire_connection'
activerecord (7.0.4.2) lib/active_record/connection_adapters/abstract/connection_pool.rb:341:in `checkout'
activerecord (7.0.4.2) lib/active_record/connection_adapters/abstract/connection_pool.rb:181:in `connection'
activerecord (7.0.4.2) lib/active_record/connection_adapters/abstract/connection_handler.rb:211:in `retrieve_connection'
activerecord (7.0.4.2) lib/active_record/connection_handling.rb:313:in `retrieve_connection'
activerecord (7.0.4.2) lib/active_record/connection_handling.rb:280:in `connection'
activerecord (7.0.4.2) lib/active_record/migration.rb:613:in `connection'
activerecord (7.0.4.2) lib/active_record/migration.rb:608:in `build_watcher'
activerecord (7.0.4.2) lib/active_record/migration.rb:590:in `block in call'
activerecord (7.0.4.2) lib/active_record/migration.rb:589:in `synchronize'
activerecord (7.0.4.2) lib/active_record/migration.rb:589:in `call'
actionpack (7.0.4.2) lib/action_dispatch/middleware/callbacks.rb:27:in `block in call'
activesupport (7.0.4.2) lib/active_support/callbacks.rb:99:in `run_callbacks'
actionpack (7.0.4.2) lib/action_dispatch/middleware/callbacks.rb:26:in `call'
actionpack (7.0.4.2) lib/action_dispatch/middleware/executor.rb:14:in `call'
actionpack (7.0.4.2) lib/action_dispatch/middleware/actionable_exceptions.rb:17:in `call'
actionpack (7.0.4.2) lib/action_dispatch/middleware/debug_exceptions.rb:28:in `call'
web-console (4.2.0) lib/web_console/middleware.rb:132:in `call_app'
web-console (4.2.0) lib/web_console/middleware.rb:28:in `block in call'
web-console (4.2.0) lib/web_console/middleware.rb:17:in `catch'
web-console (4.2.0) lib/web_console/middleware.rb:17:in `call'
actionpack (7.0.4.2) lib/action_dispatch/middleware/show_exceptions.rb:26:in `call'
railties (7.0.4.2) lib/rails/rack/logger.rb:40:in `call_app'
railties (7.0.4.2) lib/rails/rack/logger.rb:25:in `block in call'
activesupport (7.0.4.2) lib/active_support/tagged_logging.rb:99:in `block in tagged'
activesupport (7.0.4.2) lib/active_support/tagged_logging.rb:37:in `tagged'
activesupport (7.0.4.2) lib/active_support/tagged_logging.rb:99:in `tagged'
railties (7.0.4.2) lib/rails/rack/logger.rb:25:in `call'
sprockets-rails (3.4.2) lib/sprockets/rails/quiet_assets.rb:13:in `call'
actionpack (7.0.4.2) lib/action_dispatch/middleware/remote_ip.rb:93:in `call'
actionpack (7.0.4.2) lib/action_dispatch/middleware/request_id.rb:26:in `call'
rack (2.2.6.2) lib/rack/method_override.rb:24:in `call'
rack (2.2.6.2) lib/rack/runtime.rb:22:in `call'
activesupport (7.0.4.2) lib/active_support/cache/strategy/local_cache_middleware.rb:29:in `call'
actionpack (7.0.4.2) lib/action_dispatch/middleware/server_timing.rb:61:in `block in call'
actionpack (7.0.4.2) lib/action_dispatch/middleware/server_timing.rb:26:in `collect_events'
actionpack (7.0.4.2) lib/action_dispatch/middleware/server_timing.rb:60:in `call'
actionpack (7.0.4.2) lib/action_dispatch/middleware/executor.rb:14:in `call'
actionpack (7.0.4.2) lib/action_dispatch/middleware/static.rb:23:in `call'
rack (2.2.6.2) lib/rack/sendfile.rb:110:in `call'
actionpack (7.0.4.2) lib/action_dispatch/middleware/host_authorization.rb:137:in `call'
railties (7.0.4.2) lib/rails/engine.rb:530:in `call'
puma (5.6.5) lib/puma/configuration.rb:252:in `call'
puma (5.6.5) lib/puma/request.rb:77:in `block in handle_request'
puma (5.6.5) lib/puma/thread_pool.rb:340:in `with_force_shutdown'
puma (5.6.5) lib/puma/request.rb:76:in `handle_request'
puma (5.6.5) lib/puma/server.rb:443:in `process_client'
puma (5.6.5) lib/puma/thread_pool.rb:147:in `block in spawn_thread'
[ActionDispatch::HostAuthorization::DefaultResponseApp] Blocked host: test.logistaas.test
[ActionDispatch::HostAuthorization::DefaultResponseApp] Blocked host: test.logistaas.test
[ActionDispatch::HostAuthorization::DefaultResponseApp] Blocked host: test.logistaas.test
Started POST "/rails/actions" for ::1 at 2023-10-17 20:02:21 +0300
  [1m[35m (24071.9ms)[0m  [1m[35mCREATE DATABASE "Assignment_development" ENCODING = 'unicode'[0m
[ActionDispatch::HostAuthorization::DefaultResponseApp] Blocked host: test.logistaas.test
[ActionDispatch::HostAuthorization::DefaultResponseApp] Blocked host: test.logistaas.test
[ActionDispatch::HostAuthorization::DefaultResponseApp] Blocked host: test.logistaas.test
  [1m[35m (27240.3ms)[0m  [1m[35mCREATE DATABASE "Assignment_test" ENCODING = 'unicode'[0m
Started GET "/authors" for ::1 at 2023-10-17 20:03:17 +0300
  [1m[35m (100.8ms)[0m  [1m[35mCREATE TABLE "schema_migrations" ("version" character varying NOT NULL PRIMARY KEY)[0m
  [1m[35m (16.2ms)[0m  [1m[35mCREATE TABLE "ar_internal_metadata" ("key" character varying NOT NULL PRIMARY KEY, "value" character varying, "created_at" timestamp(6) NOT NULL, "updated_at" timestamp(6) NOT NULL)[0m
  [1m[36mActiveRecord::SchemaMigration Pluck (0.3ms)[0m  [1m[34mSELECT "schema_migrations"."version" FROM "schema_migrations" ORDER BY "schema_migrations"."version" ASC[0m
  
ActiveRecord::PendingMigrationError (

Migrations are pending. To resolve this issue, run:

        bin/rails db:migrate RAILS_ENV=development

You have 4 pending migrations:

20230225075010_devise_create_users.rb
20231017085532_rename_user_table.rb
20231017090425_create_books.rb
20231017162819_add_name_to_author.rb


):
  
activerecord (7.0.4.2) lib/active_record/migration.rb:627:in `check_pending!'
activerecord (7.0.4.2) lib/active_record/migration.rb:592:in `block (2 levels) in call'
activesupport (7.0.4.2) lib/active_support/file_update_checker.rb:83:in `execute'
activerecord (7.0.4.2) lib/active_record/migration.rb:597:in `block in call'
activerecord (7.0.4.2) lib/active_record/migration.rb:589:in `synchronize'
activerecord (7.0.4.2) lib/active_record/migration.rb:589:in `call'
actionpack (7.0.4.2) lib/action_dispatch/middleware/callbacks.rb:27:in `block in call'
activesupport (7.0.4.2) lib/active_support/callbacks.rb:99:in `run_callbacks'
actionpack (7.0.4.2) lib/action_dispatch/middleware/callbacks.rb:26:in `call'
actionpack (7.0.4.2) lib/action_dispatch/middleware/executor.rb:14:in `call'
actionpack (7.0.4.2) lib/action_dispatch/middleware/actionable_exceptions.rb:17:in `call'
actionpack (7.0.4.2) lib/action_dispatch/middleware/debug_exceptions.rb:28:in `call'
web-console (4.2.0) lib/web_console/middleware.rb:132:in `call_app'
web-console (4.2.0) lib/web_console/middleware.rb:28:in `block in call'
web-console (4.2.0) lib/web_console/middleware.rb:17:in `catch'
web-console (4.2.0) lib/web_console/middleware.rb:17:in `call'
actionpack (7.0.4.2) lib/action_dispatch/middleware/show_exceptions.rb:26:in `call'
railties (7.0.4.2) lib/rails/rack/logger.rb:40:in `call_app'
railties (7.0.4.2) lib/rails/rack/logger.rb:25:in `block in call'
activesupport (7.0.4.2) lib/active_support/tagged_logging.rb:99:in `block in tagged'
activesupport (7.0.4.2) lib/active_support/tagged_logging.rb:37:in `tagged'
activesupport (7.0.4.2) lib/active_support/tagged_logging.rb:99:in `tagged'
railties (7.0.4.2) lib/rails/rack/logger.rb:25:in `call'
sprockets-rails (3.4.2) lib/sprockets/rails/quiet_assets.rb:13:in `call'
actionpack (7.0.4.2) lib/action_dispatch/middleware/remote_ip.rb:93:in `call'
actionpack (7.0.4.2) lib/action_dispatch/middleware/request_id.rb:26:in `call'
rack (2.2.6.2) lib/rack/method_override.rb:24:in `call'
rack (2.2.6.2) lib/rack/runtime.rb:22:in `call'
activesupport (7.0.4.2) lib/active_support/cache/strategy/local_cache_middleware.rb:29:in `call'
actionpack (7.0.4.2) lib/action_dispatch/middleware/server_timing.rb:61:in `block in call'
actionpack (7.0.4.2) lib/action_dispatch/middleware/server_timing.rb:26:in `collect_events'
actionpack (7.0.4.2) lib/action_dispatch/middleware/server_timing.rb:60:in `call'
actionpack (7.0.4.2) lib/action_dispatch/middleware/executor.rb:14:in `call'
actionpack (7.0.4.2) lib/action_dispatch/middleware/static.rb:23:in `call'
rack (2.2.6.2) lib/rack/sendfile.rb:110:in `call'
actionpack (7.0.4.2) lib/action_dispatch/middleware/host_authorization.rb:137:in `call'
railties (7.0.4.2) lib/rails/engine.rb:530:in `call'
puma (5.6.5) lib/puma/configuration.rb:252:in `call'
puma (5.6.5) lib/puma/request.rb:77:in `block in handle_request'
puma (5.6.5) lib/puma/thread_pool.rb:340:in `with_force_shutdown'
puma (5.6.5) lib/puma/request.rb:76:in `handle_request'
puma (5.6.5) lib/puma/server.rb:443:in `process_client'
puma (5.6.5) lib/puma/thread_pool.rb:147:in `block in spawn_thread'
Started POST "/rails/actions" for ::1 at 2023-10-17 20:03:20 +0300
  [1m[35m (0.1ms)[0m  [1m[34mSELECT pg_try_advisory_lock(780797995160211945)[0m
  [1m[36mActiveRecord::SchemaMigration Pluck (0.2ms)[0m  [1m[34mSELECT "schema_migrations"."version" FROM "schema_migrations" ORDER BY "schema_migrations"."version" ASC[0m
Migrating to DeviseCreateUsers (20230225075010)
  [1m[36mTRANSACTION (0.1ms)[0m  [1m[35mBEGIN[0m
  [1m[35m (12.9ms)[0m  [1m[35mCREATE TABLE "users" ("id" bigserial primary key, "email" character varying DEFAULT '' NOT NULL, "encrypted_password" character varying DEFAULT '' NOT NULL, "reset_password_token" character varying, "reset_password_sent_at" timestamp(6), "remember_created_at" timestamp(6), "created_at" timestamp(6) NOT NULL, "updated_at" timestamp(6) NOT NULL)[0m
  [1m[35m (5.9ms)[0m  [1m[35mCREATE UNIQUE INDEX "index_users_on_email" ON "users" ("email")[0m
  [1m[35m (6.1ms)[0m  [1m[35mCREATE UNIQUE INDEX "index_users_on_reset_password_token" ON "users" ("reset_password_token")[0m
  [1m[36mActiveRecord::SchemaMigration Create (0.3ms)[0m  [1m[32mINSERT INTO "schema_migrations" ("version") VALUES ($1) RETURNING "version"[0m  [["version", "20230225075010"]]
  [1m[36mTRANSACTION (116.8ms)[0m  [1m[35mCOMMIT[0m
Migrating to RenameUserTable (20231017085532)
  [1m[36mTRANSACTION (0.2ms)[0m  [1m[35mBEGIN[0m
  [1m[35m (0.2ms)[0m  [1m[35mALTER TABLE "users" RENAME TO "authors"[0m
  [1m[35m (0.2ms)[0m  [1m[35mALTER INDEX "users_pkey" RENAME TO "authors_pkey"[0m
  [1m[35m (0.1ms)[0m  [1m[35mALTER TABLE "public"."users_id_seq" RENAME TO "authors_id_seq"[0m
  [1m[35m (0.1ms)[0m  [1m[35mALTER INDEX "index_users_on_email" RENAME TO "index_authors_on_email"[0m
  [1m[35m (0.1ms)[0m  [1m[35mALTER INDEX "index_users_on_reset_password_token" RENAME TO "index_authors_on_reset_password_token"[0m
  [1m[36mActiveRecord::SchemaMigration Create (0.1ms)[0m  [1m[32mINSERT INTO "schema_migrations" ("version") VALUES ($1) RETURNING "version"[0m  [["version", "20231017085532"]]
  [1m[36mTRANSACTION (3.2ms)[0m  [1m[35mCOMMIT[0m
Migrating to CreateBooks (20231017090425)
  [1m[36mTRANSACTION (0.1ms)[0m  [1m[35mBEGIN[0m
  [1m[35m (13.5ms)[0m  [1m[35mCREATE TABLE "books" ("id" bigserial primary key, "name" character varying, "release_date" date, "author_id" bigint NOT NULL, "created_at" timestamp(6) NOT NULL, "updated_at" timestamp(6) NOT NULL, CONSTRAINT "fk_rails_53d51ce16a"
FOREIGN KEY ("author_id")
  REFERENCES "authors" ("id")
)[0m
  [1m[35m (5.9ms)[0m  [1m[35mCREATE INDEX "index_books_on_author_id" ON "books" ("author_id")[0m
  [1m[36mActiveRecord::SchemaMigration Create (0.1ms)[0m  [1m[32mINSERT INTO "schema_migrations" ("version") VALUES ($1) RETURNING "version"[0m  [["version", "20231017090425"]]
  [1m[36mTRANSACTION (114.4ms)[0m  [1m[35mCOMMIT[0m
Migrating to AddNameToAuthor (20231017162819)
  [1m[36mTRANSACTION (0.1ms)[0m  [1m[35mBEGIN[0m
  [1m[35m (0.2ms)[0m  [1m[35mALTER TABLE "authors" ADD "name" character varying[0m
  [1m[36mActiveRecord::SchemaMigration Create (0.2ms)[0m  [1m[32mINSERT INTO "schema_migrations" ("version") VALUES ($1) RETURNING "version"[0m  [["version", "20231017162819"]]
  [1m[36mTRANSACTION (3.3ms)[0m  [1m[35mCOMMIT[0m
  [1m[36mActiveRecord::InternalMetadata Load (0.1ms)[0m  [1m[34mSELECT "ar_internal_metadata".* FROM "ar_internal_metadata" WHERE "ar_internal_metadata"."key" = $1 LIMIT $2[0m  [["key", "environment"], ["LIMIT", 1]]
  [1m[36mTRANSACTION (0.2ms)[0m  [1m[35mBEGIN[0m
  [1m[36mActiveRecord::InternalMetadata Create (0.4ms)[0m  [1m[32mINSERT INTO "ar_internal_metadata" ("key", "value", "created_at", "updated_at") VALUES ($1, $2, $3, $4) RETURNING "key"[0m  [["key", "environment"], ["value", "development"], ["created_at", "2023-10-17 17:03:20.624608"], ["updated_at", "2023-10-17 17:03:20.624608"]]
  [1m[36mTRANSACTION (420.3ms)[0m  [1m[35mCOMMIT[0m
  [1m[35m (0.2ms)[0m  [1m[34mSELECT pg_advisory_unlock(780797995160211945)[0m
  [1m[36mActiveRecord::SchemaMigration Pluck (0.1ms)[0m  [1m[34mSELECT "schema_migrations"."version" FROM "schema_migrations" ORDER BY "schema_migrations"."version" ASC[0m
Started GET "/authors" for ::1 at 2023-10-17 20:03:21 +0300
  [1m[36mActiveRecord::SchemaMigration Pluck (0.1ms)[0m  [1m[34mSELECT "schema_migrations"."version" FROM "schema_migrations" ORDER BY "schema_migrations"."version" ASC[0m
Processing by AuthorsController#index as HTML
  [1m[36mAuthor Load (0.2ms)[0m  [1m[34mSELECT "authors".* FROM "authors" WHERE "authors"."id" = $1 ORDER BY "authors"."id" ASC LIMIT $2[0m  [["id", 3], ["LIMIT", 1]]
Completed 401 Unauthorized in 8ms (ActiveRecord: 1.8ms | Allocations: 4471)


Started GET "/authors/sign_in" for ::1 at 2023-10-17 20:03:21 +0300
Processing by Devise::SessionsController#new as HTML
  Rendering layout layouts/application.html.erb
  Rendering devise/sessions/new.html.erb within layouts/application
  Rendered devise/shared/_links.html.erb (Duration: 0.7ms | Allocations: 704)
  Rendered devise/sessions/new.html.erb within layouts/application (Duration: 3.1ms | Allocations: 3285)
  Rendered layouts/_navbar.html.erb (Duration: 0.6ms | Allocations: 474)
  Rendered layouts/_footer.html.erb (Duration: 0.2ms | Allocations: 96)
  Rendered layout layouts/application.html.erb (Duration: 19986.8ms | Allocations: 40336)
Completed 200 OK in 19991ms (Views: 19987.8ms | ActiveRecord: 0.0ms | Allocations: 45924)


Started GET "/authors/sign_in" for ::1 at 2023-10-17 20:03:50 +0300
Processing by Devise::SessionsController#new as HTML
  Rendering layout layouts/application.html.erb
  Rendering devise/sessions/new.html.erb within layouts/application
  Rendered devise/shared/_links.html.erb (Duration: 0.1ms | Allocations: 155)
  Rendered devise/sessions/new.html.erb within layouts/application (Duration: 1.1ms | Allocations: 1329)
  Rendered layouts/_navbar.html.erb (Duration: 0.1ms | Allocations: 165)
  Rendered layouts/_footer.html.erb (Duration: 0.0ms | Allocations: 8)
  Rendered layout layouts/application.html.erb (Duration: 2.8ms | Allocations: 3882)
Completed 200 OK in 4ms (Views: 3.1ms | ActiveRecord: 0.0ms | Allocations: 4605)


Started GET "/authors/sign_up" for ::1 at 2023-10-17 20:03:59 +0300
Processing by Devise::RegistrationsController#new as HTML
  Rendering layout layouts/application.html.erb
  Rendering devise/registrations/new.html.erb within layouts/application
  Rendered devise/shared/_links.html.erb (Duration: 0.2ms | Allocations: 145)
  Rendered devise/registrations/new.html.erb within layouts/application (Duration: 2.1ms | Allocations: 1842)
  Rendered layouts/_navbar.html.erb (Duration: 0.2ms | Allocations: 185)
  Rendered layouts/_footer.html.erb (Duration: 0.0ms | Allocations: 9)
  Rendered layout layouts/application.html.erb (Duration: 4.4ms | Allocations: 4541)
Completed 200 OK in 6ms (Views: 5.1ms | ActiveRecord: 0.0ms | Allocations: 5704)


[ActionDispatch::HostAuthorization::DefaultResponseApp] Blocked host: test.logistaas.test
[ActionDispatch::HostAuthorization::DefaultResponseApp] Blocked host: test.logistaas.test
[ActionDispatch::HostAuthorization::DefaultResponseApp] Blocked host: test.logistaas.test
Started POST "/authors" for ::1 at 2023-10-17 20:04:33 +0300
Processing by Devise::RegistrationsController#create as HTML
  Parameters: {"authenticity_token"=>"[FILTERED]", "author"=>{"email"=>"A@A", "password"=>"[FILTERED]", "password_confirmation"=>"[FILTERED]"}, "commit"=>"Sign up"}
  [1m[36mTRANSACTION (0.1ms)[0m  [1m[35mBEGIN[0m
  [1m[36mAuthor Exists? (0.2ms)[0m  [1m[34mSELECT 1 AS one FROM "authors" WHERE "authors"."email" = $1 LIMIT $2[0m  [["email", "a@a"], ["LIMIT", 1]]
  [1m[36mAuthor Create (0.3ms)[0m  [1m[32mINSERT INTO "authors" ("email", "encrypted_password", "reset_password_token", "reset_password_sent_at", "remember_created_at", "created_at", "updated_at", "name") VALUES ($1, $2, $3, $4, $5, $6, $7, $8) RETURNING "id"[0m  [["email", "a@a"], ["encrypted_password", "[FILTERED]"], ["reset_password_token", "[FILTERED]"], ["reset_password_sent_at", "[FILTERED]"], ["remember_created_at", nil], ["created_at", "2023-10-17 17:04:33.960670"], ["updated_at", "2023-10-17 17:04:33.960670"], ["name", nil]]
  [1m[36mTRANSACTION (1882.4ms)[0m  [1m[35mCOMMIT[0m
Redirected to http://localhost:3000/authors
Completed 303 See Other in 2116ms (ActiveRecord: 1883.1ms | Allocations: 15607)


Started GET "/authors" for ::1 at 2023-10-17 20:04:35 +0300
Processing by AuthorsController#index as HTML
  [1m[36mAuthor Load (0.2ms)[0m  [1m[34mSELECT "authors".* FROM "authors" WHERE "authors"."id" = $1 ORDER BY "authors"."id" ASC LIMIT $2[0m  [["id", 1], ["LIMIT", 1]]
  Rendering layout layouts/application.html.erb
  Rendering authors/index.html.erb within layouts/application
  [1m[36mAuthor Count (0.2ms)[0m  [1m[34mSELECT COUNT(*) FROM "authors"[0m
  ↳ app/views/authors/index.html.erb:4
  [1m[36mAuthor Load (0.6ms)[0m  [1m[34mSELECT "authors".* FROM "authors" ORDER BY Authours.created_at desc LIMIT $1 OFFSET $2[0m  [["LIMIT", 10], ["OFFSET", 0]]
  ↳ app/views/authors/index.html.erb:7
  Rendered authors/index.html.erb within layouts/application (Duration: 2.3ms | Allocations: 3328)
  Rendered layout layouts/application.html.erb (Duration: 2.4ms | Allocations: 3416)
Completed 500 Internal Server Error in 6ms (ActiveRecord: 1.0ms | Allocations: 6070)


  
ActionView::Template::Error (PG::UndefinedTable: ERROR:  missing FROM-clause entry for table "authours"
LINE 1: SELECT "authors".* FROM "authors" ORDER BY Authours.created_...
                                                   ^
):
    4: <%= will_paginate @authors %>
    5: <div id="authors">
    6:   
    7:   <% @authors.each do |author| %>
    8:       <p>
    9:         <strong>Email:</strong>
   10:         <%= @authors.email %>
  
app/views/authors/index.html.erb:7
Started GET "/authors" for ::1 at 2023-10-17 20:05:13 +0300
Processing by AuthorsController#index as HTML
  [1m[36mAuthor Load (0.3ms)[0m  [1m[34mSELECT "authors".* FROM "authors" WHERE "authors"."id" = $1 ORDER BY "authors"."id" ASC LIMIT $2[0m  [["id", 1], ["LIMIT", 1]]
  Rendering layout layouts/application.html.erb
  Rendering authors/index.html.erb within layouts/application
  [1m[36mAuthor Count (0.3ms)[0m  [1m[34mSELECT COUNT(*) FROM "authors"[0m
  ↳ app/views/authors/index.html.erb:4
  [1m[36mAuthor Load (0.4ms)[0m  [1m[34mSELECT "authors".* FROM "authors" /* loading for inspect */ ORDER BY Authours.created_at desc LIMIT $1 OFFSET $2[0m  [["LIMIT", 10], ["OFFSET", 0]]
  Rendered authors/index.html.erb within layouts/application (Duration: 3.0ms | Allocations: 4515)
  Rendered layout layouts/application.html.erb (Duration: 3.1ms | Allocations: 4603)
Completed 500 Internal Server Error in 7ms (ActiveRecord: 0.9ms | Allocations: 7189)


  
ActionView::Template::Error (undefined method `email' for #<Author::ActiveRecord_Relation:0x00007f142c5c6920>):
     7:   <%# <% @authors.each do |author| %> %>
     8:       <p>
     9:         <strong>Email:</strong>
    10:         <%= @authors.email %>
    11:       </p>
    12:       <% @authors.books.each do |book| %>
    13:         <p>
  
app/views/authors/index.html.erb:10
[ActionDispatch::HostAuthorization::DefaultResponseApp] Blocked host: test.logistaas.test
[ActionDispatch::HostAuthorization::DefaultResponseApp] Blocked host: test.logistaas.test
[ActionDispatch::HostAuthorization::DefaultResponseApp] Blocked host: test.logistaas.test
[ActionDispatch::HostAuthorization::DefaultResponseApp] Blocked host: test.logistaas.test
[ActionDispatch::HostAuthorization::DefaultResponseApp] Blocked host: test.logistaas.test
[ActionDispatch::HostAuthorization::DefaultResponseApp] Blocked host: test.logistaas.test
[ActionDispatch::HostAuthorization::DefaultResponseApp] Blocked host: test.logistaas.test
[ActionDispatch::HostAuthorization::DefaultResponseApp] Blocked host: test.logistaas.test
[ActionDispatch::HostAuthorization::DefaultResponseApp] Blocked host: test.logistaas.test
[ActionDispatch::HostAuthorization::DefaultResponseApp] Blocked host: test.logistaas.test
[ActionDispatch::HostAuthorization::DefaultResponseApp] Blocked host: test.logistaas.test
[ActionDispatch::HostAuthorization::DefaultResponseApp] Blocked host: test.logistaas.test
[ActionDispatch::HostAuthorization::DefaultResponseApp] Blocked host: test.logistaas.test
[ActionDispatch::HostAuthorization::DefaultResponseApp] Blocked host: test.logistaas.test
[ActionDispatch::HostAuthorization::DefaultResponseApp] Blocked host: test.logistaas.test
Started GET "/authors" for ::1 at 2023-10-17 20:09:23 +0300
Processing by AuthorsController#index as HTML
  [1m[36mAuthor Load (0.2ms)[0m  [1m[34mSELECT "authors".* FROM "authors" WHERE "authors"."id" = $1 ORDER BY "authors"."id" ASC LIMIT $2[0m  [["id", 1], ["LIMIT", 1]]
  Rendering layout layouts/application.html.erb
  Rendering authors/index.html.erb within layouts/application
  Rendered authors/index.html.erb within layouts/application (Duration: 9.7ms | Allocations: 12903)
  Rendered layout layouts/application.html.erb (Duration: 9.8ms | Allocations: 12991)
Completed 500 Internal Server Error in 13ms (ActiveRecord: 0.2ms | Allocations: 15572)


  
ActionView::Template::Error (Missing partial articles/_article with {:locale=>[:en], :formats=>[:html], :variants=>[], :handlers=>[:raw, :erb, :html, :builder, :ruby, :jbuilder]}.

Searched in:
  * "/home/Tareq/devises-ex/app/views"
  * "/home/Tareq/.rbenv/versions/3.2.2/lib/ruby/gems/3.2.0/gems/devise-4.9.0/app/views"
  * "/home/Tareq/.rbenv/versions/3.2.2/lib/ruby/gems/3.2.0/gems/actiontext-7.0.4.2/app/views"
  * "/home/Tareq/.rbenv/versions/3.2.2/lib/ruby/gems/3.2.0/gems/actionmailbox-7.0.4.2/app/views"
):
    23:           <%= f.submit "Search", class: 'btn btn-success btn-block mt-3' %>
    24:         </div>
    25:       <% end %>
    26:       <%= render partial: 'articles/article', locals: { articles: @articles } %>
    27:       <div class="flickr_pagination mb-4">
    28:         <%= will_paginate @articles, :container => false %>
    29:       </div>
  
app/views/authors/index.html.erb:26
Started GET "/authors" for ::1 at 2023-10-17 20:09:53 +0300
Processing by AuthorsController#index as HTML
  [1m[36mAuthor Load (0.2ms)[0m  [1m[34mSELECT "authors".* FROM "authors" WHERE "authors"."id" = $1 ORDER BY "authors"."id" ASC LIMIT $2[0m  [["id", 1], ["LIMIT", 1]]
  Rendering layout layouts/application.html.erb
  Rendering authors/index.html.erb within layouts/application
  Rendered authors/_author.html.erb (Duration: 0.8ms | Allocations: 1539)
  Rendered authors/index.html.erb within layouts/application (Duration: 2.0ms | Allocations: 2815)
  Rendered layout layouts/application.html.erb (Duration: 2.1ms | Allocations: 2903)
Completed 500 Internal Server Error in 5ms (ActiveRecord: 0.2ms | Allocations: 5489)


  
ActionView::Template::Error (undefined method `each' for nil:NilClass):
    1: <div class="container">
    2:   <% @articles.each do |article| %>
    3:     <div class="row justify-content-md-center">
    4:       <div class="col-8 mt-4">
    5:         <div class="card text-center shadow mb-5 bg-white rounded">
  
app/views/authors/_author.html.erb:2
app/views/authors/index.html.erb:26
[ActionDispatch::HostAuthorization::DefaultResponseApp] Blocked host: test.logistaas.test
[ActionDispatch::HostAuthorization::DefaultResponseApp] Blocked host: test.logistaas.test
[ActionDispatch::HostAuthorization::DefaultResponseApp] Blocked host: test.logistaas.test
Started GET "/authors" for ::1 at 2023-10-17 20:10:26 +0300
Processing by AuthorsController#index as HTML
  [1m[36mAuthor Load (0.2ms)[0m  [1m[34mSELECT "authors".* FROM "authors" WHERE "authors"."id" = $1 ORDER BY "authors"."id" ASC LIMIT $2[0m  [["id", 1], ["LIMIT", 1]]
  Rendering layout layouts/application.html.erb
  Rendering authors/index.html.erb within layouts/application
  [1m[36mAuthor Load (0.7ms)[0m  [1m[34mSELECT "authors".* FROM "authors" ORDER BY Authours.created_at desc LIMIT $1 OFFSET $2[0m  [["LIMIT", 10], ["OFFSET", 0]]
  ↳ app/views/authors/_author.html.erb:2
  Rendered authors/_author.html.erb (Duration: 2.3ms | Allocations: 2822)
  Rendered authors/index.html.erb within layouts/application (Duration: 3.5ms | Allocations: 4095)
  Rendered layout layouts/application.html.erb (Duration: 3.6ms | Allocations: 4183)
Completed 500 Internal Server Error in 8ms (ActiveRecord: 0.9ms | Allocations: 6761)


  
ActionView::Template::Error (PG::UndefinedTable: ERROR:  missing FROM-clause entry for table "authours"
LINE 1: SELECT "authors".* FROM "authors" ORDER BY Authours.created_...
                                                   ^
):
    1: <div class="container">
    2:   <% @authors.each do |author| %>
    3:     <div class="row justify-content-md-center">
    4:       <div class="col-8 mt-4">
    5:         <div class="card text-center shadow mb-5 bg-white rounded">
  
app/views/authors/_author.html.erb:2
app/views/authors/index.html.erb:26
[ActionDispatch::HostAuthorization::DefaultResponseApp] Blocked host: test.logistaas.test
[ActionDispatch::HostAuthorization::DefaultResponseApp] Blocked host: test.logistaas.test
[ActionDispatch::HostAuthorization::DefaultResponseApp] Blocked host: test.logistaas.test
  [1m[36mAuthor Load (0.3ms)[0m  [1m[34mSELECT "authors".* FROM "authors"[0m
[ActionDispatch::HostAuthorization::DefaultResponseApp] Blocked host: test.logistaas.test
[ActionDispatch::HostAuthorization::DefaultResponseApp] Blocked host: test.logistaas.test
[ActionDispatch::HostAuthorization::DefaultResponseApp] Blocked host: test.logistaas.test
[ActionDispatch::HostAuthorization::DefaultResponseApp] Blocked host: test.logistaas.test
[ActionDispatch::HostAuthorization::DefaultResponseApp] Blocked host: test.logistaas.test
[ActionDispatch::HostAuthorization::DefaultResponseApp] Blocked host: test.logistaas.test
[ActionDispatch::HostAuthorization::DefaultResponseApp] Blocked host: test.logistaas.test
[ActionDispatch::HostAuthorization::DefaultResponseApp] Blocked host: test.logistaas.test
[ActionDispatch::HostAuthorization::DefaultResponseApp] Blocked host: test.logistaas.test
Started GET "/authors/sign_up" for ::1 at 2023-10-17 20:14:35 +0300
Processing by Devise::RegistrationsController#new as HTML
  [1m[36mAuthor Load (0.2ms)[0m  [1m[34mSELECT "authors".* FROM "authors" WHERE "authors"."id" = $1 ORDER BY "authors"."id" ASC LIMIT $2[0m  [["id", 1], ["LIMIT", 1]]
Redirected to http://localhost:3000/
Filter chain halted as :require_no_authentication rendered or redirected
Completed 302 Found in 2ms (ActiveRecord: 0.2ms | Allocations: 1736)


Started GET "/" for ::1 at 2023-10-17 20:14:35 +0300
Processing by MainController#home as HTML
  [1m[36mAuthor Load (0.1ms)[0m  [1m[34mSELECT "authors".* FROM "authors" WHERE "authors"."id" = $1 ORDER BY "authors"."id" ASC LIMIT $2[0m  [["id", 1], ["LIMIT", 1]]
  Rendering layout layouts/application.html.erb
  Rendering main/home.html.erb within layouts/application
  Rendered main/home.html.erb within layouts/application (Duration: 0.4ms | Allocations: 108)
  Rendered layouts/_navbar.html.erb (Duration: 0.5ms | Allocations: 475)
  Rendered layouts/_footer.html.erb (Duration: 0.1ms | Allocations: 91)
  Rendered layout layouts/application.html.erb (Duration: 3.9ms | Allocations: 3636)
Completed 200 OK in 7ms (Views: 4.6ms | ActiveRecord: 0.1ms | Allocations: 5927)


Started GET "/authors/sign_out" for ::1 at 2023-10-17 20:14:37 +0300
Processing by Devise::SessionsController#destroy as HTML
  [1m[36mAuthor Load (0.1ms)[0m  [1m[34mSELECT "authors".* FROM "authors" WHERE "authors"."id" = $1 ORDER BY "authors"."id" ASC LIMIT $2[0m  [["id", 1], ["LIMIT", 1]]
Redirected to http://localhost:3000/
Completed 303 See Other in 4ms (ActiveRecord: 0.1ms | Allocations: 2360)


Started GET "/" for ::1 at 2023-10-17 20:14:37 +0300
Processing by MainController#home as HTML
Completed 401 Unauthorized in 0ms (ActiveRecord: 0.0ms | Allocations: 400)


Started GET "/authors/sign_in" for ::1 at 2023-10-17 20:14:37 +0300
Processing by Devise::SessionsController#new as HTML
  Rendering layout layouts/application.html.erb
  Rendering devise/sessions/new.html.erb within layouts/application
  Rendered devise/sessions/new.html.erb within layouts/application (Duration: 1.1ms | Allocations: 1860)
  Rendered layout layouts/application.html.erb (Duration: 1.2ms | Allocations: 1948)
Completed 500 Internal Server Error in 3ms (ActiveRecord: 0.0ms | Allocations: 3014)


  
ActionView::Template::Error (undefined method `name_field' for #<ActionView::Helpers::FormBuilder:0x00007f13f7292c70 @nested_child_index={}, @options={:allow_method_names_outside_object=>false, :skip_default_ids=>false, :as=>:author, :html=>{:class=>"new_author", :id=>"new_author"}, :local=>true}, @template=#<ActionView::Base:0x0000000000fd98>, @object=#<Author id: nil, email: "", created_at: nil, updated_at: nil, name: nil>, @object_name=:author, @default_options={:skip_default_ids=>false, :allow_method_names_outside_object=>false}, @default_html_options={}, @multipart=nil, @index=nil>):
    10:                     <%= form_for(resource, as: resource_name, url: session_path(resource_name)) do |f| %>
    11:                         <div class=" mb-4">
    12:                             <%= f.label :name,class:"form-label" %><br />
    13:                             <%= f.name_field :name, autofocus: true, autocomplete: "name",class:"form-control form-control-lg" %>
    14:                         </div>
    15:                         <div class=" mb-4">
    16:                             <%= f.label :email,class:"form-label" %><br />
  
app/views/devise/sessions/new.html.erb:13
app/views/devise/sessions/new.html.erb:10
Started GET "/authors/sign_in" for ::1 at 2023-10-17 20:15:16 +0300
Processing by Devise::SessionsController#new as HTML
  Rendering layout layouts/application.html.erb
  Rendering devise/sessions/new.html.erb within layouts/application
  Rendered devise/sessions/new.html.erb within layouts/application (Duration: 0.7ms | Allocations: 1360)
  Rendered layout layouts/application.html.erb (Duration: 0.8ms | Allocations: 1447)
Completed 500 Internal Server Error in 2ms (ActiveRecord: 0.0ms | Allocations: 2149)


  
ActionView::Template::Error (undefined method `name_field' for #<ActionView::Helpers::FormBuilder:0x00007f13f724d850 @nested_child_index={}, @options={:allow_method_names_outside_object=>false, :skip_default_ids=>false, :as=>:author, :html=>{:class=>"new_author", :id=>"new_author"}, :local=>true}, @template=#<ActionView::Base:0x00000000010158>, @object=#<Author id: nil, email: "", created_at: nil, updated_at: nil, name: nil>, @object_name=:author, @default_options={:skip_default_ids=>false, :allow_method_names_outside_object=>false}, @default_html_options={}, @multipart=nil, @index=nil>):
    10:                     <%= form_for(resource, as: resource_name, url: session_path(resource_name)) do |f| %>
    11:                         <div class=" mb-4">
    12:                             <%= f.label :name,class:"form-label" %><br />
    13:                             <%= f.name_field :name, autofocus: true, autocomplete: "name",class:"form-control form-control-lg" %>
    14:                         </div>
    15:                         <div class=" mb-4">
    16:                             <%= f.label :email,class:"form-label" %><br />
  
app/views/devise/sessions/new.html.erb:13
app/views/devise/sessions/new.html.erb:10
[ActionDispatch::HostAuthorization::DefaultResponseApp] Blocked host: test.logistaas.test
[ActionDispatch::HostAuthorization::DefaultResponseApp] Blocked host: test.logistaas.test
[ActionDispatch::HostAuthorization::DefaultResponseApp] Blocked host: test.logistaas.test
Started GET "/authors/sign_in" for ::1 at 2023-10-17 20:15:35 +0300
Processing by Devise::SessionsController#new as HTML
  Rendering layout layouts/application.html.erb
  Rendering devise/sessions/new.html.erb within layouts/application
  Rendered devise/shared/_links.html.erb (Duration: 0.5ms | Allocations: 586)
  Rendered devise/sessions/new.html.erb within layouts/application (Duration: 2.1ms | Allocations: 2534)
  Rendered layouts/_navbar.html.erb (Duration: 0.5ms | Allocations: 445)
  Rendered layouts/_footer.html.erb (Duration: 0.1ms | Allocations: 91)
  Rendered layout layouts/application.html.erb (Duration: 5.0ms | Allocations: 5999)
Completed 200 OK in 7ms (Views: 5.9ms | ActiveRecord: 0.0ms | Allocations: 7260)


Started GET "/authors/sign_up" for ::1 at 2023-10-17 20:15:40 +0300
Processing by Devise::RegistrationsController#new as HTML
  Rendering layout layouts/application.html.erb
  Rendering devise/registrations/new.html.erb within layouts/application
  Rendered devise/shared/_links.html.erb (Duration: 0.1ms | Allocations: 93)
  Rendered devise/registrations/new.html.erb within layouts/application (Duration: 1.7ms | Allocations: 1972)
  Rendered layouts/_navbar.html.erb (Duration: 0.2ms | Allocations: 183)
  Rendered layouts/_footer.html.erb (Duration: 0.0ms | Allocations: 9)
  Rendered layout layouts/application.html.erb (Duration: 3.5ms | Allocations: 4623)
Completed 200 OK in 5ms (Views: 4.2ms | ActiveRecord: 0.0ms | Allocations: 5585)


Started POST "/authors" for ::1 at 2023-10-17 20:15:51 +0300
Processing by Devise::RegistrationsController#create as HTML
  Parameters: {"authenticity_token"=>"[FILTERED]", "author"=>{"name"=>"Tareq", "email"=>"s@s", "password"=>"[FILTERED]", "password_confirmation"=>"[FILTERED]"}, "commit"=>"Sign up"}
[31mUnpermitted parameter: :name. Context: { controller: Devise::RegistrationsController, action: create, request: #<ActionDispatch::Request:0x00007f142c92b9a8>, params: {"authenticity_token"=>"[FILTERED]", "author"=>{"name"=>"Tareq", "email"=>"s@s", "password"=>"[FILTERED]", "password_confirmation"=>"[FILTERED]"}, "commit"=>"Sign up", "controller"=>"devise/registrations", "action"=>"create"} }[0m
  [1m[36mTRANSACTION (0.1ms)[0m  [1m[35mBEGIN[0m
  [1m[36mAuthor Exists? (0.2ms)[0m  [1m[34mSELECT 1 AS one FROM "authors" WHERE "authors"."email" = $1 LIMIT $2[0m  [["email", "s@s"], ["LIMIT", 1]]
  [1m[36mAuthor Create (0.3ms)[0m  [1m[32mINSERT INTO "authors" ("email", "encrypted_password", "reset_password_token", "reset_password_sent_at", "remember_created_at", "created_at", "updated_at", "name") VALUES ($1, $2, $3, $4, $5, $6, $7, $8) RETURNING "id"[0m  [["email", "s@s"], ["encrypted_password", "[FILTERED]"], ["reset_password_token", "[FILTERED]"], ["reset_password_sent_at", "[FILTERED]"], ["remember_created_at", nil], ["created_at", "2023-10-17 17:15:52.116050"], ["updated_at", "2023-10-17 17:15:52.116050"], ["name", nil]]
  [1m[36mTRANSACTION (191.2ms)[0m  [1m[35mCOMMIT[0m
Redirected to http://localhost:3000/
Completed 303 See Other in 410ms (ActiveRecord: 191.9ms | Allocations: 6255)


Started GET "/" for ::1 at 2023-10-17 20:15:52 +0300
Processing by MainController#home as HTML
  [1m[36mAuthor Load (0.1ms)[0m  [1m[34mSELECT "authors".* FROM "authors" WHERE "authors"."id" = $1 ORDER BY "authors"."id" ASC LIMIT $2[0m  [["id", 2], ["LIMIT", 1]]
  Rendering layout layouts/application.html.erb
  Rendering main/home.html.erb within layouts/application
  Rendered main/home.html.erb within layouts/application (Duration: 0.2ms | Allocations: 102)
  Rendered layouts/_navbar.html.erb (Duration: 0.2ms | Allocations: 202)
  Rendered layouts/_footer.html.erb (Duration: 0.0ms | Allocations: 9)
  Rendered layout layouts/application.html.erb (Duration: 2.6ms | Allocations: 2787)
Completed 200 OK in 5ms (Views: 3.4ms | ActiveRecord: 0.1ms | Allocations: 4802)


  [1m[36mAuthor Load (0.3ms)[0m  [1m[34mSELECT "authors".* FROM "authors"[0m
[ActionDispatch::HostAuthorization::DefaultResponseApp] Blocked host: test.logistaas.test
[ActionDispatch::HostAuthorization::DefaultResponseApp] Blocked host: test.logistaas.test
[ActionDispatch::HostAuthorization::DefaultResponseApp] Blocked host: test.logistaas.test
[ActionDispatch::HostAuthorization::DefaultResponseApp] Blocked host: test.logistaas.test
[ActionDispatch::HostAuthorization::DefaultResponseApp] Blocked host: test.logistaas.test
[ActionDispatch::HostAuthorization::DefaultResponseApp] Blocked host: test.logistaas.test
Started GET "/authors" for ::1 at 2023-10-17 20:17:38 +0300
Processing by AuthorsController#index as HTML
  [1m[36mAuthor Load (0.1ms)[0m  [1m[34mSELECT "authors".* FROM "authors" WHERE "authors"."id" = $1 ORDER BY "authors"."id" ASC LIMIT $2[0m  [["id", 2], ["LIMIT", 1]]
  Rendering layout layouts/application.html.erb
  Rendering authors/index.html.erb within layouts/application
  [1m[36mAuthor Load (0.2ms)[0m  [1m[34mSELECT "authors".* FROM "authors"[0m
  ↳ app/views/authors/_author.html.erb:2
  Rendered authors/_author.html.erb (Duration: 1.8ms | Allocations: 2263)
  Rendered authors/index.html.erb within layouts/application (Duration: 3.1ms | Allocations: 4096)
  Rendered layout layouts/application.html.erb (Duration: 3.4ms | Allocations: 4184)
Completed 500 Internal Server Error in 11ms (ActiveRecord: 2.0ms | Allocations: 9891)


  
ActionView::Template::Error (undefined method `user' for #<Author id: 1, email: "a@a", created_at: "2023-10-17 17:04:33.960670000 +0000", updated_at: "2023-10-17 17:04:33.960670000 +0000", name: nil>):
    4:       <div class="col-8 mt-4">
    5:         <div class="card text-center shadow mb-5 bg-white rounded">
    6:           <div class="card-header font-italic">
    7:             <% if author.user %>
    8:               by <%= link_to author.user.username, user_path(author.user) %>
    9:             <% end %>
   10:             <% if author.categories.any? %>
  
app/views/authors/_author.html.erb:7
app/views/authors/_author.html.erb:2
app/views/authors/index.html.erb:26
[ActionDispatch::HostAuthorization::DefaultResponseApp] Blocked host: test.logistaas.test
[ActionDispatch::HostAuthorization::DefaultResponseApp] Blocked host: test.logistaas.test
[ActionDispatch::HostAuthorization::DefaultResponseApp] Blocked host: test.logistaas.test
Started GET "/authors" for ::1 at 2023-10-17 20:18:48 +0300
Processing by AuthorsController#index as HTML
  [1m[36mAuthor Load (0.1ms)[0m  [1m[34mSELECT "authors".* FROM "authors" WHERE "authors"."id" = $1 ORDER BY "authors"."id" ASC LIMIT $2[0m  [["id", 2], ["LIMIT", 1]]
  Rendering layout layouts/application.html.erb
  Rendering authors/index.html.erb within layouts/application
  [1m[36mAuthor Load (0.2ms)[0m  [1m[34mSELECT "authors".* FROM "authors"[0m
  ↳ app/views/authors/_author.html.erb:2
  Rendered authors/_author.html.erb (Duration: 1.3ms | Allocations: 2043)
  Rendered authors/index.html.erb within layouts/application (Duration: 2.4ms | Allocations: 3314)
  Rendered layout layouts/application.html.erb (Duration: 2.4ms | Allocations: 3402)
Completed 500 Internal Server Error in 6ms (ActiveRecord: 0.3ms | Allocations: 5876)


  
ActionView::Template::Error (undefined method `author_path' for #<ActionView::Base:0x00000000015c20>):
    4:       <div class="col-8 mt-4">
    5:         <div class="card text-center shadow mb-5 bg-white rounded">
    6:           <div class="card-body">
    7:             <h5 class="card-title"><%= link_to author.name, author_path(author), class: "text-success" %></h5>
    8:             <p class="card-text"><%= truncate(author.description, length: 100) %></p>
    9:             <%= link_to "View", author_path(author), class: "btn btn-outline-success" %>
   10:             <% if logged_in? && (author.user == current_user || current_user.admin?) %>
  
app/views/authors/_author.html.erb:7
app/views/authors/_author.html.erb:2
app/views/authors/index.html.erb:26
[ActionDispatch::HostAuthorization::DefaultResponseApp] Blocked host: test.logistaas.test
[ActionDispatch::HostAuthorization::DefaultResponseApp] Blocked host: test.logistaas.test
[ActionDispatch::HostAuthorization::DefaultResponseApp] Blocked host: test.logistaas.test
[ActionDispatch::HostAuthorization::DefaultResponseApp] Blocked host: test.logistaas.test
[ActionDispatch::HostAuthorization::DefaultResponseApp] Blocked host: test.logistaas.test
[ActionDispatch::HostAuthorization::DefaultResponseApp] Blocked host: test.logistaas.test
Started GET "/" for 127.0.0.1 at 2023-10-19 14:06:49 +0300
  
ActiveRecord::ConnectionNotEstablished (connection to server at "localhost" (::1), port 5432 failed: fe_sendauth: no password supplied
):
  
activerecord (7.0.4.2) lib/active_record/connection_adapters/postgresql_adapter.rb:87:in `rescue in new_client'
activerecord (7.0.4.2) lib/active_record/connection_adapters/postgresql_adapter.rb:77:in `new_client'
activerecord (7.0.4.2) lib/active_record/connection_adapters/postgresql_adapter.rb:37:in `postgresql_connection'
activerecord (7.0.4.2) lib/active_record/connection_adapters/abstract/connection_pool.rb:656:in `public_send'
activerecord (7.0.4.2) lib/active_record/connection_adapters/abstract/connection_pool.rb:656:in `new_connection'
activerecord (7.0.4.2) lib/active_record/connection_adapters/abstract/connection_pool.rb:700:in `checkout_new_connection'
activerecord (7.0.4.2) lib/active_record/connection_adapters/abstract/connection_pool.rb:679:in `try_to_checkout_new_connection'
activerecord (7.0.4.2) lib/active_record/connection_adapters/abstract/connection_pool.rb:640:in `acquire_connection'
activerecord (7.0.4.2) lib/active_record/connection_adapters/abstract/connection_pool.rb:341:in `checkout'
activerecord (7.0.4.2) lib/active_record/connection_adapters/abstract/connection_pool.rb:181:in `connection'
activerecord (7.0.4.2) lib/active_record/connection_adapters/abstract/connection_handler.rb:211:in `retrieve_connection'
activerecord (7.0.4.2) lib/active_record/connection_handling.rb:313:in `retrieve_connection'
activerecord (7.0.4.2) lib/active_record/connection_handling.rb:280:in `connection'
activerecord (7.0.4.2) lib/active_record/migration.rb:613:in `connection'
activerecord (7.0.4.2) lib/active_record/migration.rb:608:in `build_watcher'
activerecord (7.0.4.2) lib/active_record/migration.rb:590:in `block in call'
activerecord (7.0.4.2) lib/active_record/migration.rb:589:in `synchronize'
activerecord (7.0.4.2) lib/active_record/migration.rb:589:in `call'
actionpack (7.0.4.2) lib/action_dispatch/middleware/callbacks.rb:27:in `block in call'
activesupport (7.0.4.2) lib/active_support/callbacks.rb:99:in `run_callbacks'
actionpack (7.0.4.2) lib/action_dispatch/middleware/callbacks.rb:26:in `call'
actionpack (7.0.4.2) lib/action_dispatch/middleware/executor.rb:14:in `call'
actionpack (7.0.4.2) lib/action_dispatch/middleware/actionable_exceptions.rb:17:in `call'
actionpack (7.0.4.2) lib/action_dispatch/middleware/debug_exceptions.rb:28:in `call'
web-console (4.2.0) lib/web_console/middleware.rb:132:in `call_app'
web-console (4.2.0) lib/web_console/middleware.rb:28:in `block in call'
web-console (4.2.0) lib/web_console/middleware.rb:17:in `catch'
web-console (4.2.0) lib/web_console/middleware.rb:17:in `call'
actionpack (7.0.4.2) lib/action_dispatch/middleware/show_exceptions.rb:26:in `call'
railties (7.0.4.2) lib/rails/rack/logger.rb:40:in `call_app'
railties (7.0.4.2) lib/rails/rack/logger.rb:25:in `block in call'
activesupport (7.0.4.2) lib/active_support/tagged_logging.rb:99:in `block in tagged'
activesupport (7.0.4.2) lib/active_support/tagged_logging.rb:37:in `tagged'
activesupport (7.0.4.2) lib/active_support/tagged_logging.rb:99:in `tagged'
railties (7.0.4.2) lib/rails/rack/logger.rb:25:in `call'
sprockets-rails (3.4.2) lib/sprockets/rails/quiet_assets.rb:13:in `call'
actionpack (7.0.4.2) lib/action_dispatch/middleware/remote_ip.rb:93:in `call'
actionpack (7.0.4.2) lib/action_dispatch/middleware/request_id.rb:26:in `call'
rack (2.2.6.2) lib/rack/method_override.rb:24:in `call'
rack (2.2.6.2) lib/rack/runtime.rb:22:in `call'
activesupport (7.0.4.2) lib/active_support/cache/strategy/local_cache_middleware.rb:29:in `call'
actionpack (7.0.4.2) lib/action_dispatch/middleware/server_timing.rb:61:in `block in call'
actionpack (7.0.4.2) lib/action_dispatch/middleware/server_timing.rb:26:in `collect_events'
actionpack (7.0.4.2) lib/action_dispatch/middleware/server_timing.rb:60:in `call'
actionpack (7.0.4.2) lib/action_dispatch/middleware/executor.rb:14:in `call'
actionpack (7.0.4.2) lib/action_dispatch/middleware/static.rb:23:in `call'
rack (2.2.6.2) lib/rack/sendfile.rb:110:in `call'
actionpack (7.0.4.2) lib/action_dispatch/middleware/host_authorization.rb:137:in `call'
railties (7.0.4.2) lib/rails/engine.rb:530:in `call'
puma (5.6.5) lib/puma/configuration.rb:252:in `call'
puma (5.6.5) lib/puma/request.rb:77:in `block in handle_request'
puma (5.6.5) lib/puma/thread_pool.rb:340:in `with_force_shutdown'
puma (5.6.5) lib/puma/request.rb:76:in `handle_request'
puma (5.6.5) lib/puma/server.rb:443:in `process_client'
puma (5.6.5) lib/puma/thread_pool.rb:147:in `block in spawn_thread'
